[2021-07-31T10:15:33.306] [DEBUG] cheese - login => username:admin,password:123456
[2021-07-31T10:15:33.323] [DEBUG] cheese - admin
[2021-07-31T10:15:33.329] [DEBUG] cheese - null
[2021-07-31T10:15:33.330] [DEBUG] cheese - null
[2021-07-31T10:16:37.897] [DEBUG] cheese - login => username:admin,password:123456
[2021-07-31T10:16:37.898] [DEBUG] cheese - admin
[2021-07-31T10:16:37.905] [DEBUG] cheese - null
[2021-07-31T10:16:37.905] [DEBUG] cheese - null
[2021-07-31T15:59:26.811] [DEBUG] cheese - login => username:admin,password:123456
[2021-07-31T15:59:26.812] [DEBUG] cheese - admin
[2021-07-31T15:59:26.819] [DEBUG] cheese - { inspect: [Function: inspect] }
[2021-07-31T15:59:26.820] [DEBUG] cheese - 查询失败
[2021-07-31T15:59:43.934] [DEBUG] cheese - login => username:root,password:123456
[2021-07-31T15:59:43.934] [DEBUG] cheese - root
[2021-07-31T15:59:43.936] [DEBUG] cheese - { inspect: [Function: inspect] }
[2021-07-31T15:59:43.936] [DEBUG] cheese - 查询失败
[2021-07-31T15:59:49.561] [DEBUG] cheese - login => username:admin,password:123456
[2021-07-31T15:59:49.561] [DEBUG] cheese - admin
[2021-07-31T15:59:49.563] [DEBUG] cheese - { inspect: [Function: inspect] }
[2021-07-31T15:59:49.563] [DEBUG] cheese - 查询失败
[2021-07-31T15:59:57.547] [DEBUG] cheese - login => username:admin,password:123456
[2021-07-31T15:59:57.547] [DEBUG] cheese - admin
[2021-07-31T15:59:57.548] [DEBUG] cheese - { inspect: [Function: inspect] }
[2021-07-31T15:59:57.548] [DEBUG] cheese - 查询失败
[2021-07-31T16:00:43.015] [DEBUG] cheese - login => username:admin,password:123456
[2021-07-31T16:00:43.015] [DEBUG] cheese - admin
[2021-07-31T16:00:43.016] [DEBUG] cheese - { inspect: [Function: inspect] }
[2021-07-31T16:00:43.016] [DEBUG] cheese - 查询失败
[2021-07-31T16:00:43.652] [DEBUG] cheese - login => username:admin,password:123456
[2021-07-31T16:00:43.652] [DEBUG] cheese - admin
[2021-07-31T16:00:43.653] [DEBUG] cheese - { inspect: [Function: inspect] }
[2021-07-31T16:00:43.653] [DEBUG] cheese - 查询失败
[2021-07-31T16:00:43.911] [DEBUG] cheese - login => username:admin,password:123456
[2021-07-31T16:00:43.911] [DEBUG] cheese - admin
[2021-07-31T16:00:43.912] [DEBUG] cheese - { inspect: [Function: inspect] }
[2021-07-31T16:00:43.912] [DEBUG] cheese - 查询失败
[2021-07-31T16:00:58.792] [DEBUG] cheese - login => username:111,password:123456
[2021-07-31T16:00:58.792] [DEBUG] cheese - 111
[2021-07-31T16:00:58.793] [DEBUG] cheese - { inspect: [Function: inspect] }
[2021-07-31T16:00:58.793] [DEBUG] cheese - 查询失败
[2021-07-31T16:01:05.384] [DEBUG] cheese - login => username:admin,password:123456
[2021-07-31T16:01:05.384] [DEBUG] cheese - admin
[2021-07-31T16:01:05.386] [DEBUG] cheese - { inspect: [Function: inspect] }
[2021-07-31T16:01:05.386] [DEBUG] cheese - 查询失败
[2021-07-31T16:01:06.196] [DEBUG] cheese - login => username:admin,password:123456
[2021-07-31T16:01:06.196] [DEBUG] cheese - admin
[2021-07-31T16:01:06.197] [DEBUG] cheese - { inspect: [Function: inspect] }
[2021-07-31T16:01:06.198] [DEBUG] cheese - 查询失败
[2021-07-31T16:01:07.089] [DEBUG] cheese - login => username:admin,password:123456
[2021-07-31T16:01:07.089] [DEBUG] cheese - admin
[2021-07-31T16:01:07.090] [DEBUG] cheese - { inspect: [Function: inspect] }
[2021-07-31T16:01:07.090] [DEBUG] cheese - 查询失败
[2021-07-31T16:01:15.958] [DEBUG] cheese - login => username:admin,password:123456
[2021-07-31T16:01:15.958] [DEBUG] cheese - admin
[2021-07-31T16:01:15.959] [DEBUG] cheese - { inspect: [Function: inspect] }
[2021-07-31T16:01:15.959] [DEBUG] cheese - 查询失败
[2021-07-31T16:01:16.673] [DEBUG] cheese - login => username:admin,password:123456
[2021-07-31T16:01:16.673] [DEBUG] cheese - admin
[2021-07-31T16:01:16.674] [DEBUG] cheese - { inspect: [Function: inspect] }
[2021-07-31T16:01:16.674] [DEBUG] cheese - 查询失败
[2021-07-31T16:01:17.094] [DEBUG] cheese - login => username:admin,password:123456
[2021-07-31T16:01:17.094] [DEBUG] cheese - admin
[2021-07-31T16:01:17.095] [DEBUG] cheese - { inspect: [Function: inspect] }
[2021-07-31T16:01:17.096] [DEBUG] cheese - 查询失败
[2021-07-31T16:02:37.903] [DEBUG] cheese - login => username:admin,password:123456
[2021-07-31T16:02:37.903] [DEBUG] cheese - admin
[2021-07-31T16:02:37.904] [DEBUG] cheese - { inspect: [Function: inspect] }
[2021-07-31T16:02:37.904] [DEBUG] cheese - 查询失败
[2021-07-31T16:02:38.790] [DEBUG] cheese - login => username:admin,password:123456
[2021-07-31T16:02:38.790] [DEBUG] cheese - admin
[2021-07-31T16:02:38.792] [DEBUG] cheese - { inspect: [Function: inspect] }
[2021-07-31T16:02:38.792] [DEBUG] cheese - 查询失败
[2021-07-31T16:02:39.270] [DEBUG] cheese - login => username:admin,password:123456
[2021-07-31T16:02:39.270] [DEBUG] cheese - admin
[2021-07-31T16:02:39.271] [DEBUG] cheese - { inspect: [Function: inspect] }
[2021-07-31T16:02:39.271] [DEBUG] cheese - 查询失败
[2021-07-31T16:02:40.699] [DEBUG] cheese - login => username:admin,password:123456
[2021-07-31T16:02:40.699] [DEBUG] cheese - admin
[2021-07-31T16:02:40.701] [DEBUG] cheese - { inspect: [Function: inspect] }
[2021-07-31T16:02:40.701] [DEBUG] cheese - 查询失败
[2021-07-31T16:02:41.549] [DEBUG] cheese - login => username:admin,password:123456
[2021-07-31T16:02:41.549] [DEBUG] cheese - admin
[2021-07-31T16:02:41.550] [DEBUG] cheese - { inspect: [Function: inspect] }
[2021-07-31T16:02:41.551] [DEBUG] cheese - 查询失败
[2021-07-31T16:02:42.077] [DEBUG] cheese - login => username:admin,password:123456
[2021-07-31T16:02:42.077] [DEBUG] cheese - admin
[2021-07-31T16:02:42.078] [DEBUG] cheese - { inspect: [Function: inspect] }
[2021-07-31T16:02:42.078] [DEBUG] cheese - 查询失败
[2021-07-31T16:03:36.394] [DEBUG] cheese - login => username:admin,password:123456
[2021-07-31T16:03:36.394] [DEBUG] cheese - admin
[2021-07-31T16:03:36.395] [DEBUG] cheese - { inspect: [Function: inspect] }
[2021-07-31T16:03:36.395] [DEBUG] cheese - 查询失败
[2021-07-31T16:03:40.248] [DEBUG] cheese - login => username:admin,password:123456
[2021-07-31T16:03:40.248] [DEBUG] cheese - admin
[2021-07-31T16:03:40.249] [DEBUG] cheese - { inspect: [Function: inspect] }
[2021-07-31T16:03:40.249] [DEBUG] cheese - 查询失败
[2021-07-31T16:03:40.833] [DEBUG] cheese - login => username:admin,password:123456
[2021-07-31T16:03:40.833] [DEBUG] cheese - admin
[2021-07-31T16:03:40.834] [DEBUG] cheese - { inspect: [Function: inspect] }
[2021-07-31T16:03:40.834] [DEBUG] cheese - 查询失败
[2021-07-31T16:03:41.228] [DEBUG] cheese - login => username:admin,password:123456
[2021-07-31T16:03:41.228] [DEBUG] cheese - admin
[2021-07-31T16:03:41.230] [DEBUG] cheese - { inspect: [Function: inspect] }
[2021-07-31T16:03:41.230] [DEBUG] cheese - 查询失败
[2021-07-31T16:03:43.686] [DEBUG] cheese - login => username:admin,password:123456
[2021-07-31T16:03:43.686] [DEBUG] cheese - admin
[2021-07-31T16:03:43.687] [DEBUG] cheese - { inspect: [Function: inspect] }
[2021-07-31T16:03:43.687] [DEBUG] cheese - 查询失败
[2021-07-31T16:03:44.486] [DEBUG] cheese - login => username:admin,password:123456
[2021-07-31T16:03:44.486] [DEBUG] cheese - admin
[2021-07-31T16:03:44.488] [DEBUG] cheese - { inspect: [Function: inspect] }
[2021-07-31T16:03:44.488] [DEBUG] cheese - 查询失败
[2021-07-31T16:03:45.240] [DEBUG] cheese - login => username:admin,password:123456
[2021-07-31T16:03:45.240] [DEBUG] cheese - admin
[2021-07-31T16:03:45.242] [DEBUG] cheese - { inspect: [Function: inspect] }
[2021-07-31T16:03:45.242] [DEBUG] cheese - 查询失败
[2021-07-31T16:03:46.330] [DEBUG] cheese - login => username:admin,password:123456
[2021-07-31T16:03:46.330] [DEBUG] cheese - admin
[2021-07-31T16:03:46.332] [DEBUG] cheese - { inspect: [Function: inspect] }
[2021-07-31T16:03:46.332] [DEBUG] cheese - 查询失败
[2021-07-31T16:03:47.118] [DEBUG] cheese - login => username:admin,password:123456
[2021-07-31T16:03:47.118] [DEBUG] cheese - admin
[2021-07-31T16:03:47.119] [DEBUG] cheese - { inspect: [Function: inspect] }
[2021-07-31T16:03:47.120] [DEBUG] cheese - 查询失败
[2021-07-31T16:03:47.848] [DEBUG] cheese - login => username:admin,password:123456
[2021-07-31T16:03:47.848] [DEBUG] cheese - admin
[2021-07-31T16:03:47.850] [DEBUG] cheese - { inspect: [Function: inspect] }
[2021-07-31T16:03:47.850] [DEBUG] cheese - 查询失败
[2021-07-31T16:03:48.475] [DEBUG] cheese - login => username:admin,password:123456
[2021-07-31T16:03:48.475] [DEBUG] cheese - admin
[2021-07-31T16:03:48.476] [DEBUG] cheese - { inspect: [Function: inspect] }
[2021-07-31T16:03:48.477] [DEBUG] cheese - 查询失败
[2021-07-31T16:04:43.837] [DEBUG] cheese - login => username:admin,password:123456
[2021-07-31T16:04:43.838] [DEBUG] cheese - admin
[2021-07-31T16:04:43.843] [DEBUG] cheese - { inspect: [Function: inspect] }
[2021-07-31T16:04:43.845] [DEBUG] cheese - 查询失败
[2021-07-31T16:04:44.655] [DEBUG] cheese - login => username:admin,password:123456
[2021-07-31T16:04:44.656] [DEBUG] cheese - admin
[2021-07-31T16:04:44.658] [DEBUG] cheese - { inspect: [Function: inspect] }
[2021-07-31T16:04:44.658] [DEBUG] cheese - 查询失败
[2021-07-31T16:05:54.744] [DEBUG] cheese - login => username:admin,password:123456
[2021-07-31T16:05:54.744] [DEBUG] cheese - admin
[2021-07-31T16:05:54.746] [DEBUG] cheese - { inspect: [Function: inspect] }
[2021-07-31T16:05:54.747] [DEBUG] cheese - 查询失败
[2021-07-31T16:06:13.642] [DEBUG] cheese - login => username:admin,password:123456
[2021-07-31T16:06:13.642] [DEBUG] cheese - admin
[2021-07-31T16:06:13.643] [DEBUG] cheese - { inspect: [Function: inspect] }
[2021-07-31T16:06:13.643] [DEBUG] cheese - 查询失败
[2021-07-31T16:06:14.547] [DEBUG] cheese - login => username:admin,password:123456
[2021-07-31T16:06:14.547] [DEBUG] cheese - admin
[2021-07-31T16:06:14.548] [DEBUG] cheese - { inspect: [Function: inspect] }
[2021-07-31T16:06:14.548] [DEBUG] cheese - 查询失败
[2021-07-31T16:06:15.308] [DEBUG] cheese - login => username:admin,password:123456
[2021-07-31T16:06:15.308] [DEBUG] cheese - admin
[2021-07-31T16:06:15.309] [DEBUG] cheese - { inspect: [Function: inspect] }
[2021-07-31T16:06:15.309] [DEBUG] cheese - 查询失败
[2021-07-31T16:06:51.753] [DEBUG] cheese - login => username:admin,password:123456
[2021-07-31T16:06:51.753] [DEBUG] cheese - admin
[2021-07-31T16:06:51.755] [DEBUG] cheese - { inspect: [Function: inspect] }
[2021-07-31T16:06:51.755] [DEBUG] cheese - 查询失败
[2021-07-31T16:06:55.483] [DEBUG] cheese - login => username:admin,password:123456
[2021-07-31T16:06:55.483] [DEBUG] cheese - admin
[2021-07-31T16:06:55.484] [DEBUG] cheese - { inspect: [Function: inspect] }
[2021-07-31T16:06:55.484] [DEBUG] cheese - 查询失败
[2021-07-31T16:06:56.136] [DEBUG] cheese - login => username:admin,password:123456
[2021-07-31T16:06:56.137] [DEBUG] cheese - admin
[2021-07-31T16:06:56.138] [DEBUG] cheese - { inspect: [Function: inspect] }
[2021-07-31T16:06:56.138] [DEBUG] cheese - 查询失败
[2021-07-31T16:06:56.309] [DEBUG] cheese - login => username:admin,password:123456
[2021-07-31T16:06:56.309] [DEBUG] cheese - admin
[2021-07-31T16:06:56.311] [DEBUG] cheese - { inspect: [Function: inspect] }
[2021-07-31T16:06:56.311] [DEBUG] cheese - 查询失败
[2021-07-31T16:06:56.461] [DEBUG] cheese - login => username:admin,password:123456
[2021-07-31T16:06:56.461] [DEBUG] cheese - admin
[2021-07-31T16:06:56.463] [DEBUG] cheese - { inspect: [Function: inspect] }
[2021-07-31T16:06:56.463] [DEBUG] cheese - 查询失败
[2021-07-31T16:06:56.615] [DEBUG] cheese - login => username:admin,password:123456
[2021-07-31T16:06:56.615] [DEBUG] cheese - admin
[2021-07-31T16:06:56.617] [DEBUG] cheese - { inspect: [Function: inspect] }
[2021-07-31T16:06:56.617] [DEBUG] cheese - 查询失败
[2021-07-31T16:06:56.775] [DEBUG] cheese - login => username:admin,password:123456
[2021-07-31T16:06:56.775] [DEBUG] cheese - admin
[2021-07-31T16:06:56.776] [DEBUG] cheese - { inspect: [Function: inspect] }
[2021-07-31T16:06:56.776] [DEBUG] cheese - 查询失败
[2021-07-31T16:06:56.925] [DEBUG] cheese - login => username:admin,password:123456
[2021-07-31T16:06:56.926] [DEBUG] cheese - admin
[2021-07-31T16:06:56.927] [DEBUG] cheese - { inspect: [Function: inspect] }
[2021-07-31T16:06:56.927] [DEBUG] cheese - 查询失败
[2021-07-31T16:06:57.074] [DEBUG] cheese - login => username:admin,password:123456
[2021-07-31T16:06:57.074] [DEBUG] cheese - admin
[2021-07-31T16:06:57.075] [DEBUG] cheese - { inspect: [Function: inspect] }
[2021-07-31T16:06:57.076] [DEBUG] cheese - 查询失败
[2021-07-31T16:06:57.198] [DEBUG] cheese - login => username:admin,password:123456
[2021-07-31T16:06:57.199] [DEBUG] cheese - admin
[2021-07-31T16:06:57.200] [DEBUG] cheese - { inspect: [Function: inspect] }
[2021-07-31T16:06:57.200] [DEBUG] cheese - 查询失败
[2021-07-31T16:07:00.641] [DEBUG] cheese - login => username:admin,password:123456
[2021-07-31T16:07:00.641] [DEBUG] cheese - admin
[2021-07-31T16:07:00.643] [DEBUG] cheese - { inspect: [Function: inspect] }
[2021-07-31T16:07:00.643] [DEBUG] cheese - 查询失败
[2021-07-31T16:07:01.407] [DEBUG] cheese - login => username:admin,password:123456
[2021-07-31T16:07:01.407] [DEBUG] cheese - admin
[2021-07-31T16:07:01.408] [DEBUG] cheese - { inspect: [Function: inspect] }
[2021-07-31T16:07:01.408] [DEBUG] cheese - 查询失败
[2021-07-31T16:07:01.570] [DEBUG] cheese - login => username:admin,password:123456
[2021-07-31T16:07:01.571] [DEBUG] cheese - admin
[2021-07-31T16:07:01.572] [DEBUG] cheese - { inspect: [Function: inspect] }
[2021-07-31T16:07:01.572] [DEBUG] cheese - 查询失败
[2021-07-31T16:07:01.713] [DEBUG] cheese - login => username:admin,password:123456
[2021-07-31T16:07:01.713] [DEBUG] cheese - admin
[2021-07-31T16:07:01.715] [DEBUG] cheese - { inspect: [Function: inspect] }
[2021-07-31T16:07:01.715] [DEBUG] cheese - 查询失败
[2021-07-31T16:07:04.940] [DEBUG] cheese - login => username:admin,password:123456
[2021-07-31T16:07:04.941] [DEBUG] cheese - admin
[2021-07-31T16:07:04.942] [DEBUG] cheese - { inspect: [Function: inspect] }
[2021-07-31T16:07:04.942] [DEBUG] cheese - 查询失败
[2021-07-31T16:07:20.241] [DEBUG] cheese - login => username:admin,password:123456
[2021-07-31T16:07:20.241] [DEBUG] cheese - admin
[2021-07-31T16:07:20.243] [DEBUG] cheese - { inspect: [Function: inspect] }
[2021-07-31T16:07:20.243] [DEBUG] cheese - 查询失败
[2021-07-31T16:07:24.494] [DEBUG] cheese - login => username:admin,password:123456
[2021-07-31T16:07:24.494] [DEBUG] cheese - admin
[2021-07-31T16:07:24.495] [DEBUG] cheese - { inspect: [Function: inspect] }
[2021-07-31T16:07:24.495] [DEBUG] cheese - 查询失败
[2021-07-31T16:07:26.740] [DEBUG] cheese - login => username:admin,password:123456
[2021-07-31T16:07:26.740] [DEBUG] cheese - admin
[2021-07-31T16:07:26.741] [DEBUG] cheese - { inspect: [Function: inspect] }
[2021-07-31T16:07:26.741] [DEBUG] cheese - 查询失败
[2021-07-31T16:07:31.427] [DEBUG] cheese - login => username:admin,password:123456
[2021-07-31T16:07:31.427] [DEBUG] cheese - admin
[2021-07-31T16:07:31.428] [DEBUG] cheese - { inspect: [Function: inspect] }
[2021-07-31T16:07:31.429] [DEBUG] cheese - 查询失败
[2021-07-31T16:07:31.935] [DEBUG] cheese - login => username:admin,password:123456
[2021-07-31T16:07:31.936] [DEBUG] cheese - admin
[2021-07-31T16:07:31.937] [DEBUG] cheese - { inspect: [Function: inspect] }
[2021-07-31T16:07:31.937] [DEBUG] cheese - 查询失败
[2021-07-31T16:07:35.535] [DEBUG] cheese - login => username:admin,password:123456
[2021-07-31T16:07:35.535] [DEBUG] cheese - admin
[2021-07-31T16:07:35.536] [DEBUG] cheese - { inspect: [Function: inspect] }
[2021-07-31T16:07:35.537] [DEBUG] cheese - 查询失败
[2021-07-31T16:07:36.173] [DEBUG] cheese - login => username:admin,password:123456
[2021-07-31T16:07:36.173] [DEBUG] cheese - admin
[2021-07-31T16:07:36.174] [DEBUG] cheese - { inspect: [Function: inspect] }
[2021-07-31T16:07:36.174] [DEBUG] cheese - 查询失败
[2021-07-31T16:07:37.205] [DEBUG] cheese - login => username:admin,password:123456
[2021-07-31T16:07:37.205] [DEBUG] cheese - admin
[2021-07-31T16:07:37.207] [DEBUG] cheese - { inspect: [Function: inspect] }
[2021-07-31T16:07:37.207] [DEBUG] cheese - 查询失败
[2021-07-31T16:07:37.796] [DEBUG] cheese - login => username:admin,password:123456
[2021-07-31T16:07:37.796] [DEBUG] cheese - admin
[2021-07-31T16:07:37.797] [DEBUG] cheese - { inspect: [Function: inspect] }
[2021-07-31T16:07:37.797] [DEBUG] cheese - 查询失败
[2021-07-31T16:07:38.532] [DEBUG] cheese - login => username:admin,password:123456
[2021-07-31T16:07:38.532] [DEBUG] cheese - admin
[2021-07-31T16:07:38.533] [DEBUG] cheese - { inspect: [Function: inspect] }
[2021-07-31T16:07:38.534] [DEBUG] cheese - 查询失败
[2021-07-31T16:07:38.888] [DEBUG] cheese - login => username:admin,password:123456
[2021-07-31T16:07:38.888] [DEBUG] cheese - admin
[2021-07-31T16:07:38.890] [DEBUG] cheese - { inspect: [Function: inspect] }
[2021-07-31T16:07:38.890] [DEBUG] cheese - 查询失败
[2021-07-31T16:07:42.457] [DEBUG] cheese - login => username:admin,password:123456
[2021-07-31T16:07:42.457] [DEBUG] cheese - admin
[2021-07-31T16:07:42.459] [DEBUG] cheese - { inspect: [Function: inspect] }
[2021-07-31T16:07:42.459] [DEBUG] cheese - 查询失败
[2021-07-31T16:07:43.417] [DEBUG] cheese - login => username:admin,password:123456
[2021-07-31T16:07:43.417] [DEBUG] cheese - admin
[2021-07-31T16:07:43.418] [DEBUG] cheese - { inspect: [Function: inspect] }
[2021-07-31T16:07:43.419] [DEBUG] cheese - 查询失败
[2021-07-31T16:07:43.573] [DEBUG] cheese - login => username:admin,password:123456
[2021-07-31T16:07:43.573] [DEBUG] cheese - admin
[2021-07-31T16:07:43.574] [DEBUG] cheese - { inspect: [Function: inspect] }
[2021-07-31T16:07:43.574] [DEBUG] cheese - 查询失败
[2021-07-31T16:07:43.733] [DEBUG] cheese - login => username:admin,password:123456
[2021-07-31T16:07:43.733] [DEBUG] cheese - admin
[2021-07-31T16:07:43.734] [DEBUG] cheese - { inspect: [Function: inspect] }
[2021-07-31T16:07:43.734] [DEBUG] cheese - 查询失败
[2021-07-31T16:07:43.910] [DEBUG] cheese - login => username:admin,password:123456
[2021-07-31T16:07:43.910] [DEBUG] cheese - admin
[2021-07-31T16:07:43.912] [DEBUG] cheese - { inspect: [Function: inspect] }
[2021-07-31T16:07:43.912] [DEBUG] cheese - 查询失败
[2021-07-31T16:08:27.883] [DEBUG] cheese - login => username:admin,password:123456
[2021-07-31T16:08:27.883] [DEBUG] cheese - admin
[2021-07-31T16:08:27.884] [DEBUG] cheese - { inspect: [Function: inspect] }
[2021-07-31T16:08:27.884] [DEBUG] cheese - 查询失败
[2021-07-31T16:08:28.589] [DEBUG] cheese - login => username:admin,password:123456
[2021-07-31T16:08:28.589] [DEBUG] cheese - admin
[2021-07-31T16:08:28.590] [DEBUG] cheese - { inspect: [Function: inspect] }
[2021-07-31T16:08:28.590] [DEBUG] cheese - 查询失败
[2021-07-31T16:08:58.075] [DEBUG] cheese - login => username:admin,password:123456
[2021-07-31T16:08:58.075] [DEBUG] cheese - admin
[2021-07-31T16:08:58.077] [DEBUG] cheese - { inspect: [Function: inspect] }
[2021-07-31T16:08:58.077] [DEBUG] cheese - 查询失败
[2021-07-31T16:08:58.691] [DEBUG] cheese - login => username:admin,password:123456
[2021-07-31T16:08:58.692] [DEBUG] cheese - admin
[2021-07-31T16:08:58.693] [DEBUG] cheese - { inspect: [Function: inspect] }
[2021-07-31T16:08:58.693] [DEBUG] cheese - 查询失败
[2021-07-31T16:08:59.347] [DEBUG] cheese - login => username:admin,password:123456
[2021-07-31T16:08:59.347] [DEBUG] cheese - admin
[2021-07-31T16:08:59.348] [DEBUG] cheese - { inspect: [Function: inspect] }
[2021-07-31T16:08:59.348] [DEBUG] cheese - 查询失败
[2021-07-31T16:08:59.976] [DEBUG] cheese - login => username:admin,password:123456
[2021-07-31T16:08:59.976] [DEBUG] cheese - admin
[2021-07-31T16:08:59.977] [DEBUG] cheese - { inspect: [Function: inspect] }
[2021-07-31T16:08:59.977] [DEBUG] cheese - 查询失败
[2021-07-31T16:14:56.745] [DEBUG] cheese - login => username:admin,password:123456
[2021-07-31T16:14:56.749] [DEBUG] cheese - admin
[2021-07-31T16:14:56.760] [DEBUG] cheese - null
[2021-07-31T16:14:56.760] [DEBUG] cheese - null
[2021-07-31T16:16:03.972] [DEBUG] cheese - login => username:admin,password:123456
[2021-07-31T16:16:03.972] [DEBUG] cheese - admin
[2021-07-31T16:16:03.974] [DEBUG] cheese - null
[2021-07-31T16:16:03.974] [DEBUG] cheese - null
[2021-07-31T16:19:52.402] [DEBUG] cheese - login => username:admin,password:123456
[2021-07-31T16:19:52.402] [DEBUG] cheese - admin
[2021-07-31T16:19:52.403] [DEBUG] cheese - null
[2021-07-31T16:19:52.403] [DEBUG] cheese - null
[2021-07-31T16:19:53.864] [DEBUG] cheese - login => username:admin,password:123456
[2021-07-31T16:19:53.864] [DEBUG] cheese - admin
[2021-07-31T16:19:53.866] [DEBUG] cheese - null
[2021-07-31T16:19:53.866] [DEBUG] cheese - null
[2021-07-31T16:19:59.299] [DEBUG] cheese - login => username:admin,password:123456
[2021-07-31T16:19:59.299] [DEBUG] cheese - admin
[2021-07-31T16:19:59.301] [DEBUG] cheese - null
[2021-07-31T16:19:59.301] [DEBUG] cheese - null
[2021-08-01T09:16:30.836] [DEBUG] cheese - login => username:admin,password:123456
[2021-08-01T09:16:30.842] [DEBUG] cheese - admin
[2021-08-01T09:16:30.867] [DEBUG] cheese - null
[2021-08-01T09:16:30.867] [DEBUG] cheese - null
[2021-08-01T09:16:58.578] [DEBUG] cheese - login => username:admin,password:123456
[2021-08-01T09:16:58.578] [DEBUG] cheese - admin
[2021-08-01T09:16:58.580] [DEBUG] cheese - null
[2021-08-01T09:16:58.580] [DEBUG] cheese - null
[2021-08-01T09:17:06.084] [DEBUG] cheese - login => username:admin,password:123456
[2021-08-01T09:17:06.084] [DEBUG] cheese - admin
[2021-08-01T09:17:06.086] [DEBUG] cheese - null
[2021-08-01T09:17:06.086] [DEBUG] cheese - null
[2021-08-01T09:17:10.427] [DEBUG] cheese - login => username:admin,password:123456
[2021-08-01T09:17:10.427] [DEBUG] cheese - admin
[2021-08-01T09:17:10.428] [DEBUG] cheese - null
[2021-08-01T09:17:10.428] [DEBUG] cheese - null
[2021-08-01T10:00:49.771] [DEBUG] cheese - login => username:admin,password:123456
[2021-08-01T10:00:49.772] [DEBUG] cheese - admin
[2021-08-01T10:00:49.774] [DEBUG] cheese - null
[2021-08-01T10:00:49.774] [DEBUG] cheese - null
[2021-08-01T10:52:05.180] [DEBUG] cheese - login => username:admin,password:123456
[2021-08-01T10:52:05.180] [DEBUG] cheese - admin
[2021-08-01T10:52:05.184] [DEBUG] cheese - null
[2021-08-01T10:52:05.184] [DEBUG] cheese - null
[2021-08-01T15:09:25.098] [DEBUG] cheese - login => username:admin,password:123456
[2021-08-01T15:09:25.099] [DEBUG] cheese - admin
[2021-08-01T15:09:25.112] [DEBUG] cheese - null
[2021-08-01T15:09:25.113] [DEBUG] cheese - null
[2021-08-01T15:09:49.861] [DEBUG] cheese - login => username:admin,password:123456
[2021-08-01T15:09:49.861] [DEBUG] cheese - admin
[2021-08-01T15:09:49.863] [DEBUG] cheese - null
[2021-08-01T15:09:49.863] [DEBUG] cheese - null
[2021-08-01T17:10:24.413] [DEBUG] cheese - login => username:admin,password:123456
[2021-08-01T17:10:24.413] [DEBUG] cheese - admin
[2021-08-01T17:10:24.415] [DEBUG] cheese - null
[2021-08-01T17:10:24.415] [DEBUG] cheese - null
[2021-08-02T07:59:19.019] [DEBUG] cheese - login => username:admin,password:123456
[2021-08-02T07:59:19.020] [DEBUG] cheese - admin
[2021-08-02T07:59:19.027] [DEBUG] cheese - null
[2021-08-02T07:59:19.027] [DEBUG] cheese - null
[2021-08-02T07:59:31.434] [DEBUG] cheese - login => username:admin,password:123456
[2021-08-02T07:59:31.434] [DEBUG] cheese - admin
[2021-08-02T07:59:31.435] [DEBUG] cheese - null
[2021-08-02T07:59:31.435] [DEBUG] cheese - null
[2021-08-02T18:04:37.293] [DEBUG] cheese - login => username:admin,password:123456
[2021-08-02T18:04:37.293] [DEBUG] cheese - admin
[2021-08-02T18:04:37.295] [DEBUG] cheese - null
[2021-08-02T18:04:37.295] [DEBUG] cheese - null
[2021-08-03T08:24:43.160] [DEBUG] cheese - login => username:admin,password:123456
[2021-08-03T08:24:43.160] [DEBUG] cheese - admin
[2021-08-03T08:24:43.182] [DEBUG] cheese - null
[2021-08-03T08:24:43.182] [DEBUG] cheese - null
[2021-08-05T07:37:44.300] [DEBUG] cheese - login => username:admin,password:123456
[2021-08-05T07:37:44.301] [DEBUG] cheese - admin
[2021-08-05T07:37:44.324] [DEBUG] cheese - null
[2021-08-05T07:37:44.324] [DEBUG] cheese - null
[2021-08-06T07:57:04.357] [DEBUG] cheese - login => username:admin,password:123456
[2021-08-06T07:57:04.358] [DEBUG] cheese - admin
[2021-08-06T07:57:04.393] [DEBUG] cheese - null
[2021-08-06T07:57:04.394] [DEBUG] cheese - null
[2021-08-07T08:00:44.203] [DEBUG] cheese - login => username:admin,password:123456
[2021-08-07T08:00:44.205] [DEBUG] cheese - admin
[2021-08-07T08:00:44.231] [DEBUG] cheese - null
[2021-08-07T08:00:44.231] [DEBUG] cheese - null
[2021-08-07T18:06:24.286] [DEBUG] cheese - login => username:admin,password:123456
[2021-08-07T18:06:24.286] [DEBUG] cheese - admin
[2021-08-07T18:06:24.288] [DEBUG] cheese - null
[2021-08-07T18:06:24.288] [DEBUG] cheese - null
[2021-08-08T07:16:26.938] [DEBUG] cheese - login => username:admin,password:123456
[2021-08-08T07:16:26.939] [DEBUG] cheese - admin
[2021-08-08T07:16:26.962] [DEBUG] cheese - null
[2021-08-08T07:16:26.962] [DEBUG] cheese - null
[2021-08-08T09:31:12.402] [DEBUG] cheese - null
[2021-08-08T09:31:23.747] [DEBUG] cheese - null
[2021-08-08T09:35:52.654] [DEBUG] cheese - null
[2021-08-08T09:36:25.663] [DEBUG] cheese - null
[2021-08-08T09:37:37.913] [DEBUG] cheese - null
[2021-08-08T09:41:01.257] [DEBUG] cheese - null
[2021-08-08T09:41:03.642] [DEBUG] cheese - null
[2021-08-08T09:41:06.250] [DEBUG] cheese - null
[2021-08-08T14:17:16.826] [DEBUG] cheese - null
[2021-08-08T14:56:17.584] [DEBUG] cheese - null
[2021-08-08T15:39:39.986] [DEBUG] cheese - null
[2021-08-08T15:39:41.859] [DEBUG] cheese - null
[2021-08-08T17:24:46.036] [DEBUG] cheese - login => username:admin,password:123456
[2021-08-08T17:24:46.037] [DEBUG] cheese - admin
[2021-08-08T17:24:46.056] [DEBUG] cheese - null
[2021-08-08T17:24:46.056] [DEBUG] cheese - null
[2021-08-09T07:20:40.471] [DEBUG] cheese - login => username:admin,password:123456
[2021-08-09T07:20:40.472] [DEBUG] cheese - admin
[2021-08-09T07:20:40.495] [DEBUG] cheese - null
[2021-08-09T07:20:40.496] [DEBUG] cheese - null
[2021-08-09T08:15:45.670] [DEBUG] cheese - login => username:admin,password:123456
[2021-08-09T08:15:45.671] [DEBUG] cheese - admin
[2021-08-09T08:15:45.674] [DEBUG] cheese - null
[2021-08-09T08:15:45.674] [DEBUG] cheese - null
[2021-08-09T08:23:25.812] [DEBUG] cheese - login => username:admin,password:123456
[2021-08-09T08:23:25.812] [DEBUG] cheese - admin
[2021-08-09T08:23:25.813] [DEBUG] cheese - null
[2021-08-09T08:23:25.813] [DEBUG] cheese - null
[2021-08-09T08:54:36.318] [DEBUG] cheese - login => username:admin,password:123456
[2021-08-09T08:54:36.320] [DEBUG] cheese - admin
[2021-08-09T08:54:36.322] [DEBUG] cheese - null
[2021-08-09T08:54:36.322] [DEBUG] cheese - null
[2021-08-09T08:55:44.524] [DEBUG] cheese - login => username:admin,password:123456
[2021-08-09T08:55:44.525] [DEBUG] cheese - admin
[2021-08-09T08:55:44.531] [DEBUG] cheese - null
[2021-08-09T08:55:44.532] [DEBUG] cheese - null
[2021-08-09T10:04:58.709] [DEBUG] cheese - login => username:admin,password:123456
[2021-08-09T10:04:58.710] [DEBUG] cheese - admin
[2021-08-09T10:04:58.718] [DEBUG] cheese - null
[2021-08-09T10:04:58.718] [DEBUG] cheese - null
[2021-08-09T14:02:46.119] [DEBUG] cheese - login => username:admin,password:123456
[2021-08-09T14:02:46.119] [DEBUG] cheese - admin
[2021-08-09T14:02:46.133] [DEBUG] cheese - null
[2021-08-09T14:02:46.133] [DEBUG] cheese - null
[2021-08-10T07:51:48.816] [DEBUG] cheese - login => username:admin,password:123456
[2021-08-10T07:51:48.817] [DEBUG] cheese - admin
[2021-08-10T07:51:48.845] [DEBUG] cheese - null
[2021-08-10T07:51:48.845] [DEBUG] cheese - null
[2021-08-10T07:52:16.035] [DEBUG] cheese - login => username:admin,password:123456
[2021-08-10T07:52:16.036] [DEBUG] cheese - admin
[2021-08-10T07:52:16.037] [DEBUG] cheese - null
[2021-08-10T07:52:16.037] [DEBUG] cheese - null
[2021-08-11T07:39:04.684] [DEBUG] cheese - login => username:admin,password:123456
[2021-08-11T07:39:04.685] [DEBUG] cheese - admin
[2021-08-11T07:39:04.710] [DEBUG] cheese - null
[2021-08-11T07:39:04.710] [DEBUG] cheese - null
[2021-08-11T15:41:36.206] [DEBUG] cheese - login => username:admin,password:123456
[2021-08-11T15:41:36.224] [DEBUG] cheese - admin
[2021-08-11T15:41:36.227] [DEBUG] cheese - null
[2021-08-11T15:41:36.230] [DEBUG] cheese - null
[2021-08-11T16:09:34.902] [DEBUG] cheese - login => username:admin,password:123456
[2021-08-11T16:09:34.903] [DEBUG] cheese - admin
[2021-08-11T16:09:34.911] [DEBUG] cheese - null
[2021-08-11T16:09:34.911] [DEBUG] cheese - null
[2021-08-12T07:23:29.589] [DEBUG] cheese - login => username:admin,password:123456
[2021-08-12T07:23:29.590] [DEBUG] cheese - admin
[2021-08-12T07:23:29.596] [DEBUG] cheese - null
[2021-08-12T07:23:29.597] [DEBUG] cheese - null
[2021-08-12T07:24:25.913] [DEBUG] cheese - null
[2021-08-12T15:23:51.775] [DEBUG] cheese - login => username:admin,password:123456
[2021-08-12T15:23:51.776] [DEBUG] cheese - admin
[2021-08-12T15:23:51.795] [DEBUG] cheese - null
[2021-08-12T15:23:51.795] [DEBUG] cheese - null
[2021-08-12T15:25:54.464] [DEBUG] cheese - login => username:admin,password:123456
[2021-08-12T15:25:54.464] [DEBUG] cheese - admin
[2021-08-12T15:25:54.471] [DEBUG] cheese - null
[2021-08-12T15:25:54.472] [DEBUG] cheese - null
[2021-08-13T09:18:25.709] [DEBUG] cheese - login => username:admin,password:123456
[2021-08-13T09:18:25.710] [DEBUG] cheese - admin
[2021-08-13T09:18:25.738] [DEBUG] cheese - null
[2021-08-13T09:18:25.739] [DEBUG] cheese - null
[2021-08-14T08:52:35.658] [DEBUG] cheese - login => username:admin,password:123456
[2021-08-14T08:52:35.659] [DEBUG] cheese - admin
[2021-08-14T08:52:35.690] [DEBUG] cheese - null
[2021-08-14T08:52:35.690] [DEBUG] cheese - null
[2021-08-14T15:33:04.733] [DEBUG] cheese - login => username:admin,password:123456
[2021-08-14T15:33:04.736] [DEBUG] cheese - admin
[2021-08-14T15:33:04.742] [DEBUG] cheese - null
[2021-08-14T15:33:04.744] [DEBUG] cheese - null
[2021-08-15T09:33:54.147] [DEBUG] cheese - login => username:admin,password:123456
[2021-08-15T09:33:54.148] [DEBUG] cheese - admin
[2021-08-15T09:33:54.184] [DEBUG] cheese - null
[2021-08-15T09:33:54.184] [DEBUG] cheese - null
[2021-08-16T07:25:02.590] [DEBUG] cheese - login => username:admin,password:123456
[2021-08-16T07:25:02.591] [DEBUG] cheese - admin
[2021-08-16T07:25:02.613] [DEBUG] cheese - null
[2021-08-16T07:25:02.614] [DEBUG] cheese - null
[2021-08-16T08:09:23.863] [DEBUG] cheese - login => username:admin,password:123456
[2021-08-16T08:09:23.864] [DEBUG] cheese - admin
[2021-08-16T08:09:23.866] [DEBUG] cheese - null
[2021-08-16T08:09:23.866] [DEBUG] cheese - null
[2021-08-17T07:14:10.060] [DEBUG] cheese - login => username:admin,password:123456
[2021-08-17T07:14:10.061] [DEBUG] cheese - admin
[2021-08-17T07:14:10.082] [DEBUG] cheese - null
[2021-08-17T07:14:10.083] [DEBUG] cheese - null
[2021-08-18T06:57:17.754] [DEBUG] cheese - login => username:admin,password:123456
[2021-08-18T06:57:17.755] [DEBUG] cheese - admin
[2021-08-18T06:57:17.776] [DEBUG] cheese - null
[2021-08-18T06:57:17.776] [DEBUG] cheese - null
[2021-08-19T07:34:15.392] [DEBUG] cheese - login => username:admin,password:123456
[2021-08-19T07:34:15.393] [DEBUG] cheese - admin
[2021-08-19T07:34:15.414] [DEBUG] cheese - null
[2021-08-19T07:34:15.414] [DEBUG] cheese - null
[2021-08-20T08:09:19.055] [DEBUG] cheese - login => username:admin,password:123456
[2021-08-20T08:09:19.056] [DEBUG] cheese - admin
[2021-08-20T08:09:19.077] [DEBUG] cheese - null
[2021-08-20T08:09:19.078] [DEBUG] cheese - null
[2021-08-20T14:01:33.841] [DEBUG] cheese - login => username:admin,password:123456
[2021-08-20T14:01:33.843] [DEBUG] cheese - admin
[2021-08-20T14:01:33.847] [DEBUG] cheese - null
[2021-08-20T14:01:33.847] [DEBUG] cheese - null
[2021-08-20T14:11:35.137] [DEBUG] cheese - login => username:admin,password:123456
[2021-08-20T14:11:35.137] [DEBUG] cheese - admin
[2021-08-20T14:11:35.139] [DEBUG] cheese - null
[2021-08-20T14:11:35.139] [DEBUG] cheese - null
[2021-08-20T14:40:37.717] [DEBUG] cheese - null
[2021-08-23T08:22:25.358] [DEBUG] cheese - login => username:admin,password:123456
[2021-08-23T08:22:25.359] [DEBUG] cheese - admin
[2021-08-23T08:22:25.377] [DEBUG] cheese - null
[2021-08-23T08:22:25.377] [DEBUG] cheese - null
[2021-08-24T07:18:19.541] [DEBUG] cheese - login => username:admin,password:123456
[2021-08-24T07:18:19.543] [DEBUG] cheese - admin
[2021-08-24T07:18:19.550] [DEBUG] cheese - null
[2021-08-24T07:18:19.550] [DEBUG] cheese - null
[2021-08-24T15:02:08.235] [DEBUG] cheese - login => username:admin,password:123456
[2021-08-24T15:02:08.236] [DEBUG] cheese - admin
[2021-08-24T15:02:08.244] [DEBUG] cheese - null
[2021-08-24T15:02:08.244] [DEBUG] cheese - null
[2021-08-25T06:28:49.472] [DEBUG] cheese - login => username:admin,password:123456
[2021-08-25T06:28:49.473] [DEBUG] cheese - admin
[2021-08-25T06:28:49.481] [DEBUG] cheese - null
[2021-08-25T06:28:49.481] [DEBUG] cheese - null
[2021-08-25T08:01:36.120] [DEBUG] cheese - login => username:admin,password:123456
[2021-08-25T08:01:36.122] [DEBUG] cheese - admin
[2021-08-25T08:01:36.130] [DEBUG] cheese - null
[2021-08-25T08:01:36.131] [DEBUG] cheese - null
[2021-08-25T08:12:20.039] [DEBUG] cheese - login => username:admin,password:123456
[2021-08-25T08:12:20.039] [DEBUG] cheese - admin
[2021-08-25T08:12:20.042] [DEBUG] cheese - null
[2021-08-25T08:12:20.042] [DEBUG] cheese - null
[2021-08-25T08:31:28.876] [DEBUG] cheese - login => username:admin,password:123456
[2021-08-25T08:31:28.876] [DEBUG] cheese - admin
[2021-08-25T08:31:28.878] [DEBUG] cheese - null
[2021-08-25T08:31:28.878] [DEBUG] cheese - null
[2021-08-25T08:32:31.473] [DEBUG] cheese - login => username:admin,password:123456
[2021-08-25T08:32:31.474] [DEBUG] cheese - admin
[2021-08-25T08:32:31.477] [DEBUG] cheese - null
[2021-08-25T08:32:31.477] [DEBUG] cheese - null
[2021-08-25T08:34:18.949] [DEBUG] cheese - login => username:admin,password:123456
[2021-08-25T08:34:18.949] [DEBUG] cheese - admin
[2021-08-25T08:34:18.951] [DEBUG] cheese - null
[2021-08-25T08:34:18.951] [DEBUG] cheese - null
[2021-08-25T08:36:58.600] [DEBUG] cheese - login => username:admin,password:123456
[2021-08-25T08:36:58.601] [DEBUG] cheese - admin
[2021-08-25T08:36:58.602] [DEBUG] cheese - null
[2021-08-25T08:36:58.602] [DEBUG] cheese - null
[2021-08-25T08:38:16.768] [DEBUG] cheese - login => username:admin,password:123456
[2021-08-25T08:38:16.768] [DEBUG] cheese - admin
[2021-08-25T08:38:16.770] [DEBUG] cheese - null
[2021-08-25T08:38:16.770] [DEBUG] cheese - null
[2021-08-25T08:38:30.157] [DEBUG] cheese - login => username:admin,password:123456
[2021-08-25T08:38:30.157] [DEBUG] cheese - admin
[2021-08-25T08:38:30.159] [DEBUG] cheese - null
[2021-08-25T08:38:30.159] [DEBUG] cheese - null
[2021-08-25T08:49:08.119] [DEBUG] cheese - login => username:admin,password:123456
[2021-08-25T08:49:08.119] [DEBUG] cheese - admin
[2021-08-25T08:49:08.121] [DEBUG] cheese - null
[2021-08-25T08:49:08.121] [DEBUG] cheese - null
[2021-08-25T08:50:53.890] [DEBUG] cheese - login => username:admin,password:123456
[2021-08-25T08:50:53.891] [DEBUG] cheese - admin
[2021-08-25T08:50:53.893] [DEBUG] cheese - null
[2021-08-25T08:50:53.893] [DEBUG] cheese - null
[2021-08-25T08:51:21.299] [DEBUG] cheese - login => username:admin,password:123456
[2021-08-25T08:51:21.300] [DEBUG] cheese - admin
[2021-08-25T08:51:21.302] [DEBUG] cheese - null
[2021-08-25T08:51:21.302] [DEBUG] cheese - null
[2021-08-25T08:53:27.607] [DEBUG] cheese - login => username:admin,password:123456
[2021-08-25T08:53:27.607] [DEBUG] cheese - admin
[2021-08-25T08:53:27.609] [DEBUG] cheese - null
[2021-08-25T08:53:27.609] [DEBUG] cheese - null
[2021-08-25T08:53:38.426] [DEBUG] cheese - login => username:admin,password:123456
[2021-08-25T08:53:38.426] [DEBUG] cheese - admin
[2021-08-25T08:53:38.427] [DEBUG] cheese - null
[2021-08-25T08:53:38.427] [DEBUG] cheese - null
[2021-08-25T08:58:15.157] [DEBUG] cheese - login => username:admin,password:123456
[2021-08-25T08:58:15.158] [DEBUG] cheese - admin
[2021-08-25T08:58:15.160] [DEBUG] cheese - null
[2021-08-25T08:58:15.161] [DEBUG] cheese - null
[2021-08-25T09:03:53.103] [DEBUG] cheese - login => username:admin,password:123456
[2021-08-25T09:03:53.104] [DEBUG] cheese - admin
[2021-08-25T09:03:53.106] [DEBUG] cheese - null
[2021-08-25T09:03:53.106] [DEBUG] cheese - null
[2021-08-25T09:12:21.892] [DEBUG] cheese - login => username:admin,password:123456
[2021-08-25T09:12:21.892] [DEBUG] cheese - admin
[2021-08-25T09:12:21.894] [DEBUG] cheese - null
[2021-08-25T09:12:21.894] [DEBUG] cheese - null
[2021-08-25T09:13:44.594] [DEBUG] cheese - login => username:admin,password:123456
[2021-08-25T09:13:44.595] [DEBUG] cheese - admin
[2021-08-25T09:13:44.596] [DEBUG] cheese - null
[2021-08-25T09:13:44.596] [DEBUG] cheese - null
[2021-08-25T09:36:43.689] [DEBUG] cheese - login => username:admin,password:123456
[2021-08-25T09:36:43.689] [DEBUG] cheese - admin
[2021-08-25T09:36:43.691] [DEBUG] cheese - null
[2021-08-25T09:36:43.691] [DEBUG] cheese - null
[2021-08-25T09:38:59.111] [DEBUG] cheese - login => username:admin,password:123456
[2021-08-25T09:38:59.113] [DEBUG] cheese - admin
[2021-08-25T09:38:59.117] [DEBUG] cheese - null
[2021-08-25T09:38:59.118] [DEBUG] cheese - null
[2021-08-25T09:44:33.249] [DEBUG] cheese - login => username:admin,password:123456
[2021-08-25T09:44:33.250] [DEBUG] cheese - admin
[2021-08-25T09:44:33.252] [DEBUG] cheese - null
[2021-08-25T09:44:33.252] [DEBUG] cheese - null
[2021-08-25T09:45:55.570] [DEBUG] cheese - login => username:admin,password:123456
[2021-08-25T09:45:55.571] [DEBUG] cheese - admin
[2021-08-25T09:45:55.574] [DEBUG] cheese - null
[2021-08-25T09:45:55.574] [DEBUG] cheese - null
[2021-08-25T09:48:50.640] [DEBUG] cheese - login => username:admin,password:123456
[2021-08-25T09:48:50.641] [DEBUG] cheese - admin
[2021-08-25T09:48:50.644] [DEBUG] cheese - null
[2021-08-25T09:48:50.644] [DEBUG] cheese - null
[2021-08-25T09:50:00.352] [DEBUG] cheese - login => username:admin,password:123456
[2021-08-25T09:50:00.353] [DEBUG] cheese - admin
[2021-08-25T09:50:00.355] [DEBUG] cheese - null
[2021-08-25T09:50:00.355] [DEBUG] cheese - null
[2021-08-25T09:52:42.116] [DEBUG] cheese - login => username:admin,password:123456
[2021-08-25T09:52:42.117] [DEBUG] cheese - admin
[2021-08-25T09:52:42.119] [DEBUG] cheese - null
[2021-08-25T09:52:42.119] [DEBUG] cheese - null
[2021-08-25T09:53:22.926] [DEBUG] cheese - login => username:admin,password:123456
[2021-08-25T09:53:22.926] [DEBUG] cheese - admin
[2021-08-25T09:53:22.927] [DEBUG] cheese - null
[2021-08-25T09:53:22.927] [DEBUG] cheese - null
[2021-08-25T09:56:37.658] [DEBUG] cheese - login => username:admin,password:123456
[2021-08-25T09:56:37.659] [DEBUG] cheese - admin
[2021-08-25T09:56:37.661] [DEBUG] cheese - null
[2021-08-25T09:56:37.661] [DEBUG] cheese - null
[2021-08-25T10:11:55.402] [DEBUG] cheese - login => username:admin,password:123456
[2021-08-25T10:11:55.402] [DEBUG] cheese - admin
[2021-08-25T10:11:55.403] [DEBUG] cheese - null
[2021-08-25T10:11:55.403] [DEBUG] cheese - null
[2021-08-25T10:15:03.247] [DEBUG] cheese - login => username:admin,password:123456
[2021-08-25T10:15:03.248] [DEBUG] cheese - admin
[2021-08-25T10:15:03.250] [DEBUG] cheese - null
[2021-08-25T10:15:03.250] [DEBUG] cheese - null
[2021-08-25T10:18:59.698] [DEBUG] cheese - login => username:admin,password:123456
[2021-08-25T10:18:59.699] [DEBUG] cheese - admin
[2021-08-25T10:18:59.700] [DEBUG] cheese - null
[2021-08-25T10:18:59.700] [DEBUG] cheese - null
[2021-08-25T10:25:45.401] [DEBUG] cheese - login => username:admin,password:123456
[2021-08-25T10:25:45.402] [DEBUG] cheese - admin
[2021-08-25T10:25:45.405] [DEBUG] cheese - null
[2021-08-25T10:25:45.405] [DEBUG] cheese - null
[2021-09-03T17:10:35.674] [DEBUG] cheese - login => username:admin,password:123456
[2021-09-03T17:10:35.676] [DEBUG] cheese - admin
[2021-09-03T17:10:35.683] [DEBUG] cheese - null
[2021-09-03T17:10:35.684] [DEBUG] cheese - null
[2021-09-03T17:11:36.581] [DEBUG] cheese - login => username:admin,password:123456
[2021-09-03T17:11:36.582] [DEBUG] cheese - admin
[2021-09-03T17:11:36.583] [DEBUG] cheese - null
[2021-09-03T17:11:36.583] [DEBUG] cheese - null
[2021-09-04T07:35:24.839] [DEBUG] cheese - login => username:admin,password:123456
[2021-09-04T07:35:24.840] [DEBUG] cheese - admin
[2021-09-04T07:35:24.872] [DEBUG] cheese - null
[2021-09-04T07:35:24.872] [DEBUG] cheese - null
